This file contains any messages produced by compilers while
running configure, to aid debugging if configure makes a mistake.

It was created by charybdis configure 3.1.3, which was
generated by GNU Autoconf 2.61.  Invocation command line was

  $ ./configure 

## --------- ##
## Platform. ##
## --------- ##

hostname = ubuntu
uname -m = i686
uname -r = 2.6.31-14-generic
uname -s = Linux
uname -v = #48-Ubuntu SMP Fri Oct 16 14:04:26 UTC 2009

/usr/bin/uname -p = unknown
/bin/uname -X     = unknown

/bin/arch              = unknown
/usr/bin/arch -k       = unknown
/usr/convex/getsysinfo = unknown
/usr/bin/hostinfo      = unknown
/bin/machine           = unknown
/usr/bin/oslevel       = unknown
/bin/universe          = unknown

PATH: /usr/local/sbin
PATH: /usr/local/bin
PATH: /usr/sbin
PATH: /usr/bin
PATH: /sbin
PATH: /bin
PATH: /usr/games


## ----------- ##
## Core tests. ##
## ----------- ##

configure:1831: checking for gcc
configure:1847: found /usr/bin/gcc
configure:1858: result: gcc
configure:2096: checking for C compiler version
configure:2103: gcc --version >&5
gcc (Ubuntu 4.4.1-4ubuntu8) 4.4.1
Copyright (C) 2009 Free Software Foundation, Inc.
This is free software; see the source for copying conditions.  There is NO
warranty; not even for MERCHANTABILITY or FITNESS FOR A PARTICULAR PURPOSE.

configure:2106: $? = 0
configure:2113: gcc -v >&5
Using built-in specs.
Target: i486-linux-gnu
Configured with: ../src/configure -v --with-pkgversion='Ubuntu 4.4.1-4ubuntu8' --with-bugurl=file:///usr/share/doc/gcc-4.4/README.Bugs --enable-languages=c,c++,fortran,objc,obj-c++ --prefix=/usr --enable-shared --enable-multiarch --enable-linker-build-id --with-system-zlib --libexecdir=/usr/lib --without-included-gettext --enable-threads=posix --with-gxx-include-dir=/usr/include/c++/4.4 --program-suffix=-4.4 --enable-nls --enable-clocale=gnu --enable-libstdcxx-debug --enable-objc-gc --enable-targets=all --disable-werror --with-arch-32=i486 --with-tune=generic --enable-checking=release --build=i486-linux-gnu --host=i486-linux-gnu --target=i486-linux-gnu
Thread model: posix
gcc version 4.4.1 (Ubuntu 4.4.1-4ubuntu8) 
configure:2116: $? = 0
configure:2123: gcc -V >&5
gcc: '-V' option must have argument
configure:2126: $? = 1
configure:2149: checking for C compiler default output file name
configure:2176: gcc    conftest.c  >&5
configure:2179: $? = 0
configure:2217: result: a.out
configure:2234: checking whether the C compiler works
configure:2244: ./a.out
configure:2247: $? = 0
configure:2264: result: yes
configure:2271: checking whether we are cross compiling
configure:2273: result: no
configure:2276: checking for suffix of executables
configure:2283: gcc -o conftest    conftest.c  >&5
configure:2286: $? = 0
configure:2310: result: 
configure:2316: checking for suffix of object files
configure:2342: gcc -c   conftest.c >&5
configure:2345: $? = 0
configure:2368: result: o
configure:2372: checking whether we are using the GNU C compiler
configure:2401: gcc -c   conftest.c >&5

## ---------------- ##
## Cache variables. ##
## ---------------- ##

ac_cv_env_CC_set=
ac_cv_env_CC_value=
ac_cv_env_CFLAGS_set=
ac_cv_env_CFLAGS_value=
ac_cv_env_CPPFLAGS_set=
ac_cv_env_CPPFLAGS_value=
ac_cv_env_CPP_set=
ac_cv_env_CPP_value=
ac_cv_env_LDFLAGS_set=
ac_cv_env_LDFLAGS_value=
ac_cv_env_LIBS_set=
ac_cv_env_LIBS_value=
ac_cv_env_YACC_set=
ac_cv_env_YACC_value=
ac_cv_env_YFLAGS_set=
ac_cv_env_YFLAGS_value=
ac_cv_env_build_alias_set=
ac_cv_env_build_alias_value=
ac_cv_env_host_alias_set=
ac_cv_env_host_alias_value=
ac_cv_env_target_alias_set=
ac_cv_env_target_alias_value=
ac_cv_objext=o
ac_cv_prog_ac_ct_CC=gcc

## ----------------- ##
## Output variables. ##
## ----------------- ##

ALLOCA=''
AR=''
CC='gcc'
CFLAGS=''
CP=''
CPP=''
CPPFLAGS=''
CRYPT_LIB=''
DEFS=''
ECHO_C=''
ECHO_N='-n'
ECHO_T=''
EGREP=''
ENCSPEED=''
ETC_DIR=''
EXEEXT=''
GREP=''
HELP_DIR=''
INSTALL_DATA=''
INSTALL_PROGRAM=''
INSTALL_SCRIPT=''
IRC_CFLAGS=''
LD=''
LDFLAGS=''
LEX=''
LEXLIB=''
LEX_OUTPUT_ROOT=''
LIBOBJS=''
LIBS=''
LN=''
LOG_DIR=''
LTLIBOBJS=''
MAKEDEPEND=''
MKDEP=''
MODULES_LIBS=''
MODULE_DIR=''
MOD_TARGET=''
MV=''
OBJEXT='o'
PACKAGE_BUGREPORT=''
PACKAGE_NAME='IRCd-damon'
PACKAGE_STRING='ircd-damon 1.0.1'
PACKAGE_TARNAME='ircd-damon'
PACKAGE_VERSION='1.0.1'
PATH_SEPARATOR=':'
PICFLAGS=''
RANLIB=''
RM=''
SED=''
SEDOBJ=''
SELECT_TYPE=''
SET_MAKE=''
SHELL='/bin/bash'
SSL_INCLUDES=''
SSL_LIBS=''
SSL_SRCS_ENABLE=''
STDOUT=''
TOUCH=''
VICONF=''
YACC=''
YFLAGS=''
ZLIB_LD=''
ac_ct_CC='gcc'
bindir='${exec_prefix}/bin'
build_alias=''
confdir=''
datadir='${datarootdir}'
datarootdir='${prefix}/share'
docdir='${datarootdir}/doc/${PACKAGE_TARNAME}'
dvidir='${docdir}'
exec_prefix='NONE'
helpdir=''
host_alias=''
htmldir='${docdir}'
includedir='${prefix}/include'
infodir='${datarootdir}/info'
libdir='${exec_prefix}/lib'
libexecdir='${exec_prefix}/libexec'
localedir='${datarootdir}/locale'
localstatedir='${prefix}/var'
logdir=''
mandir='${datarootdir}/man'
moduledir=''
oldincludedir='/usr/include'
pdfdir='${docdir}'
prefix='NONE'
program_transform_name='s,x,x,'
psdir='${docdir}'
sbindir='${exec_prefix}/sbin'
sharedstatedir='${prefix}/com'
subdirs=''
sysconfdir='${prefix}/etc'
target_alias=''

## ----------- ##
## confdefs.h. ##
## ----------- ##

#define PACKAGE_NAME "IRCd-damon"
#define PACKAGE_TARNAME "ircd-damon"
#define PACKAGE_VERSION "1.0.1"
#define PACKAGE_STRING "ircd-damon 1.0.1"
#define PACKAGE_BUGREPORT ""
#define _GNU_SOURCE 1

configure: caught signal 2
configure: exit 1
